-------------------------------------------------------------------------------
Test set: com.example.demo.AddTest
-------------------------------------------------------------------------------
Tests run: 1, Failures: 1, Errors: 0, Skipped: 0, Time elapsed: 0.039 s <<< FAILURE! - in com.example.demo.AddTest
test  Time elapsed: 0.033 s  <<< FAILURE!
org.opentest4j.AssertionFailedError: Not yet implemented
	at com.example.demo.AddTest.test(AddTest.java:11)

